SF:lib/src/collection_change_notifier.dart
DA:13,5
DA:15,5
DA:16,5
DA:18,10
DA:19,5
DA:22,4
DA:31,5
DA:33,5
DA:34,5
DA:35,5
DA:36,5
DA:39,5
DA:46,6
DA:48,6
DA:49,6
LF:15
LH:15
end_of_record
SF:lib/src/collection_provider.dart
DA:12,1
DA:18,1
DA:27,1
DA:32,1
DA:48,1
DA:52,1
LF:6
LH:6
end_of_record
SF:lib/src/notifiers/list_change_notifier.dart
DA:23,2
DA:24,6
DA:30,1
DA:32,1
DA:33,2
DA:40,1
DA:42,1
DA:43,2
DA:48,1
DA:50,1
DA:51,2
DA:56,1
DA:58,1
DA:59,2
DA:60,1
DA:65,1
DA:67,1
DA:68,1
DA:69,1
DA:76,1
DA:78,1
DA:79,1
DA:80,2
DA:81,1
DA:88,1
DA:90,1
DA:91,1
DA:92,2
DA:93,1
DA:100,1
DA:102,1
DA:103,1
DA:104,2
DA:105,1
DA:113,1
DA:115,1
DA:116,2
DA:117,1
DA:122,1
DA:124,1
DA:125,2
DA:126,1
DA:136,1
DA:138,1
DA:139,2
DA:140,1
DA:151,1
DA:153,1
DA:154,2
DA:155,1
DA:175,1
DA:177,1
DA:178,1
DA:179,2
DA:180,1
DA:191,1
DA:193,1
DA:194,1
DA:195,2
DA:196,1
DA:206,1
DA:208,1
DA:209,2
DA:210,1
DA:222,1
DA:224,1
DA:225,2
DA:226,1
DA:237,1
DA:239,1
DA:240,1
DA:241,2
DA:242,1
DA:258,1
DA:260,1
DA:261,1
DA:262,2
DA:263,1
DA:270,2
DA:273,2
DA:274,2
DA:275,2
DA:279,2
DA:280,2
DA:281,2
DA:282,3
DA:283,1
DA:286,2
LF:88
LH:88
end_of_record
SF:lib/src/notifiers/set_change_notifier.dart
DA:9,2
DA:10,4
DA:18,1
DA:20,1
DA:21,2
DA:25,1
DA:35,1
DA:37,1
DA:38,1
DA:39,2
DA:40,1
DA:44,1
DA:46,1
DA:47,2
DA:51,1
DA:53,1
DA:54,2
DA:57,1
DA:59,1
DA:60,2
DA:67,1
DA:69,1
DA:70,2
DA:78,1
DA:80,1
DA:81,2
DA:85,1
DA:92,1
DA:94,1
DA:95,1
DA:96,2
DA:97,1
DA:107,1
DA:109,1
DA:110,1
DA:111,2
DA:112,1
DA:117,1
DA:119,1
DA:120,1
DA:121,2
DA:122,1
DA:127,1
DA:129,1
DA:130,1
DA:131,2
DA:132,1
DA:137,1
DA:139,1
DA:140,2
DA:141,1
DA:145,1
DA:147,1
DA:148,2
DA:155,2
DA:158,2
DA:159,2
DA:160,2
DA:164,2
DA:165,2
DA:166,2
DA:167,3
DA:168,1
DA:171,2
LF:64
LH:64
end_of_record
SF:lib/src/notifiers/map_change_notifier.dart
DA:23,2
DA:24,6
DA:28,1
DA:30,1
DA:31,2
DA:38,1
DA:40,1
DA:41,2
DA:42,1
DA:48,1
DA:50,1
DA:51,2
DA:52,1
DA:61,1
DA:63,1
DA:64,2
DA:74,1
DA:76,1
DA:77,2
DA:78,1
DA:90,1
DA:92,1
DA:93,1
DA:94,2
DA:95,1
DA:102,1
DA:104,1
DA:105,1
DA:106,2
DA:107,1
DA:118,1
DA:120,1
DA:121,1
DA:122,2
DA:123,1
DA:130,1
DA:132,1
DA:133,1
DA:134,2
DA:135,1
DA:142,2
DA:145,2
DA:146,2
DA:147,2
DA:151,2
DA:152,2
DA:153,2
DA:154,3
DA:155,1
DA:158,2
LF:50
LH:50
end_of_record
